{"H:\\se2project\\PULSeBS_12\\frontend\\src\\App.js": {"path":"H:\\se2project\\PULSeBS_12\\frontend\\src\\App.js","statementMap":{"0":{"start":{"line":13,"column":4},"end":{"line":13,"column":30}},"1":{"start":{"line":17,"column":4},"end":{"line":33,"column":5}}},"fnMap":{"0":{"name":"(anonymous_0)","decl":{"start":{"line":12,"column":2},"end":{"line":12,"column":3}},"loc":{"start":{"line":12,"column":21},"end":{"line":14,"column":3}},"line":12},"1":{"name":"(anonymous_1)","decl":{"start":{"line":16,"column":2},"end":{"line":16,"column":3}},"loc":{"start":{"line":16,"column":10},"end":{"line":34,"column":3}},"line":16}},"branchMap":{},"s":{"0":8,"1":8},"f":{"0":8,"1":8},"b":{},"_coverageSchema":"43e27e138ebf9cfc5966b082cf9a028302ed4184","hash":"4b5914bb4b9a8c0054ff597b973e5f581fa140dd"}
,"H:\\se2project\\PULSeBS_12\\frontend\\src\\index.js": {"path":"H:\\se2project\\PULSeBS_12\\frontend\\src\\index.js","statementMap":{"0":{"start":{"line":11,"column":0},"end":{"line":20,"column":2}},"1":{"start":{"line":25,"column":0},"end":{"line":25,"column":27}}},"fnMap":{},"branchMap":{},"s":{"0":0,"1":0},"f":{},"b":{},"hash":"b535678e95039102ef681bc98f63dab7b31bc1eb"}
,"H:\\se2project\\PULSeBS_12\\frontend\\src\\serviceWorker.js": {"path":"H:\\se2project\\PULSeBS_12\\frontend\\src\\serviceWorker.js","statementMap":{"0":{"start":{"line":13,"column":20},"end":{"line":21,"column":1}},"1":{"start":{"line":24,"column":2},"end":{"line":54,"column":3}},"2":{"start":{"line":26,"column":22},"end":{"line":26,"column":75}},"3":{"start":{"line":27,"column":4},"end":{"line":32,"column":5}},"4":{"start":{"line":31,"column":6},"end":{"line":31,"column":13}},"5":{"start":{"line":34,"column":4},"end":{"line":53,"column":7}},"6":{"start":{"line":35,"column":20},"end":{"line":35,"column":65}},"7":{"start":{"line":37,"column":6},"end":{"line":52,"column":7}},"8":{"start":{"line":39,"column":8},"end":{"line":39,"column":47}},"9":{"start":{"line":43,"column":8},"end":{"line":48,"column":11}},"10":{"start":{"line":44,"column":10},"end":{"line":47,"column":12}},"11":{"start":{"line":51,"column":8},"end":{"line":51,"column":39}},"12":{"start":{"line":58,"column":2},"end":{"line":98,"column":7}},"13":{"start":{"line":61,"column":6},"end":{"line":94,"column":8}},"14":{"start":{"line":62,"column":33},"end":{"line":62,"column":56}},"15":{"start":{"line":63,"column":8},"end":{"line":65,"column":9}},"16":{"start":{"line":64,"column":10},"end":{"line":64,"column":17}},"17":{"start":{"line":66,"column":8},"end":{"line":93,"column":10}},"18":{"start":{"line":67,"column":10},"end":{"line":92,"column":11}},"19":{"start":{"line":68,"column":12},"end":{"line":91,"column":13}},"20":{"start":{"line":72,"column":14},"end":{"line":75,"column":16}},"21":{"start":{"line":78,"column":14},"end":{"line":80,"column":15}},"22":{"start":{"line":79,"column":16},"end":{"line":79,"column":46}},"23":{"start":{"line":85,"column":14},"end":{"line":85,"column":64}},"24":{"start":{"line":88,"column":14},"end":{"line":90,"column":15}},"25":{"start":{"line":89,"column":16},"end":{"line":89,"column":47}},"26":{"start":{"line":97,"column":6},"end":{"line":97,"column":72}},"27":{"start":{"line":103,"column":2},"end":{"line":128,"column":7}},"28":{"start":{"line":108,"column":26},"end":{"line":108,"column":62}},"29":{"start":{"line":109,"column":6},"end":{"line":122,"column":7}},"30":{"start":{"line":114,"column":8},"end":{"line":118,"column":11}},"31":{"start":{"line":115,"column":10},"end":{"line":117,"column":13}},"32":{"start":{"line":116,"column":12},"end":{"line":116,"column":37}},"33":{"start":{"line":121,"column":8},"end":{"line":121,"column":39}},"34":{"start":{"line":125,"column":6},"end":{"line":127,"column":8}},"35":{"start":{"line":132,"column":2},"end":{"line":140,"column":3}},"36":{"start":{"line":133,"column":4},"end":{"line":139,"column":9}},"37":{"start":{"line":135,"column":8},"end":{"line":135,"column":34}},"38":{"start":{"line":138,"column":8},"end":{"line":138,"column":37}}},"fnMap":{"0":{"name":"register","decl":{"start":{"line":23,"column":16},"end":{"line":23,"column":24}},"loc":{"start":{"line":23,"column":33},"end":{"line":55,"column":1}},"line":23},"1":{"name":"(anonymous_1)","decl":{"start":{"line":34,"column":36},"end":{"line":34,"column":37}},"loc":{"start":{"line":34,"column":42},"end":{"line":53,"column":5}},"line":34},"2":{"name":"(anonymous_2)","decl":{"start":{"line":43,"column":43},"end":{"line":43,"column":44}},"loc":{"start":{"line":43,"column":49},"end":{"line":48,"column":9}},"line":43},"3":{"name":"registerValidSW","decl":{"start":{"line":57,"column":9},"end":{"line":57,"column":24}},"loc":{"start":{"line":57,"column":40},"end":{"line":99,"column":1}},"line":57},"4":{"name":"(anonymous_4)","decl":{"start":{"line":60,"column":10},"end":{"line":60,"column":11}},"loc":{"start":{"line":60,"column":26},"end":{"line":95,"column":5}},"line":60},"5":{"name":"(anonymous_5)","decl":{"start":{"line":61,"column":35},"end":{"line":61,"column":36}},"loc":{"start":{"line":61,"column":41},"end":{"line":94,"column":7}},"line":61},"6":{"name":"(anonymous_6)","decl":{"start":{"line":66,"column":41},"end":{"line":66,"column":42}},"loc":{"start":{"line":66,"column":47},"end":{"line":93,"column":9}},"line":66},"7":{"name":"(anonymous_7)","decl":{"start":{"line":96,"column":11},"end":{"line":96,"column":12}},"loc":{"start":{"line":96,"column":20},"end":{"line":98,"column":5}},"line":96},"8":{"name":"checkValidServiceWorker","decl":{"start":{"line":101,"column":9},"end":{"line":101,"column":32}},"loc":{"start":{"line":101,"column":48},"end":{"line":129,"column":1}},"line":101},"9":{"name":"(anonymous_9)","decl":{"start":{"line":106,"column":10},"end":{"line":106,"column":11}},"loc":{"start":{"line":106,"column":22},"end":{"line":123,"column":5}},"line":106},"10":{"name":"(anonymous_10)","decl":{"start":{"line":114,"column":43},"end":{"line":114,"column":44}},"loc":{"start":{"line":114,"column":59},"end":{"line":118,"column":9}},"line":114},"11":{"name":"(anonymous_11)","decl":{"start":{"line":115,"column":41},"end":{"line":115,"column":42}},"loc":{"start":{"line":115,"column":47},"end":{"line":117,"column":11}},"line":115},"12":{"name":"(anonymous_12)","decl":{"start":{"line":124,"column":11},"end":{"line":124,"column":12}},"loc":{"start":{"line":124,"column":17},"end":{"line":128,"column":5}},"line":124},"13":{"name":"unregister","decl":{"start":{"line":131,"column":16},"end":{"line":131,"column":26}},"loc":{"start":{"line":131,"column":29},"end":{"line":141,"column":1}},"line":131},"14":{"name":"(anonymous_14)","decl":{"start":{"line":134,"column":12},"end":{"line":134,"column":13}},"loc":{"start":{"line":134,"column":28},"end":{"line":136,"column":7}},"line":134},"15":{"name":"(anonymous_15)","decl":{"start":{"line":137,"column":13},"end":{"line":137,"column":14}},"loc":{"start":{"line":137,"column":22},"end":{"line":139,"column":7}},"line":137}},"branchMap":{"0":{"loc":{"start":{"line":14,"column":2},"end":{"line":20,"column":5}},"type":"binary-expr","locations":[{"start":{"line":14,"column":2},"end":{"line":14,"column":42}},{"start":{"line":16,"column":4},"end":{"line":16,"column":40}},{"start":{"line":18,"column":4},"end":{"line":20,"column":5}}],"line":14},"1":{"loc":{"start":{"line":24,"column":2},"end":{"line":54,"column":3}},"type":"if","locations":[{"start":{"line":24,"column":2},"end":{"line":54,"column":3}},{"start":{"line":24,"column":2},"end":{"line":54,"column":3}}],"line":24},"2":{"loc":{"start":{"line":24,"column":6},"end":{"line":24,"column":75}},"type":"binary-expr","locations":[{"start":{"line":24,"column":6},"end":{"line":24,"column":43}},{"start":{"line":24,"column":47},"end":{"line":24,"column":75}}],"line":24},"3":{"loc":{"start":{"line":27,"column":4},"end":{"line":32,"column":5}},"type":"if","locations":[{"start":{"line":27,"column":4},"end":{"line":32,"column":5}},{"start":{"line":27,"column":4},"end":{"line":32,"column":5}}],"line":27},"4":{"loc":{"start":{"line":37,"column":6},"end":{"line":52,"column":7}},"type":"if","locations":[{"start":{"line":37,"column":6},"end":{"line":52,"column":7}},{"start":{"line":37,"column":6},"end":{"line":52,"column":7}}],"line":37},"5":{"loc":{"start":{"line":63,"column":8},"end":{"line":65,"column":9}},"type":"if","locations":[{"start":{"line":63,"column":8},"end":{"line":65,"column":9}},{"start":{"line":63,"column":8},"end":{"line":65,"column":9}}],"line":63},"6":{"loc":{"start":{"line":67,"column":10},"end":{"line":92,"column":11}},"type":"if","locations":[{"start":{"line":67,"column":10},"end":{"line":92,"column":11}},{"start":{"line":67,"column":10},"end":{"line":92,"column":11}}],"line":67},"7":{"loc":{"start":{"line":68,"column":12},"end":{"line":91,"column":13}},"type":"if","locations":[{"start":{"line":68,"column":12},"end":{"line":91,"column":13}},{"start":{"line":68,"column":12},"end":{"line":91,"column":13}}],"line":68},"8":{"loc":{"start":{"line":78,"column":14},"end":{"line":80,"column":15}},"type":"if","locations":[{"start":{"line":78,"column":14},"end":{"line":80,"column":15}},{"start":{"line":78,"column":14},"end":{"line":80,"column":15}}],"line":78},"9":{"loc":{"start":{"line":78,"column":18},"end":{"line":78,"column":43}},"type":"binary-expr","locations":[{"start":{"line":78,"column":18},"end":{"line":78,"column":24}},{"start":{"line":78,"column":28},"end":{"line":78,"column":43}}],"line":78},"10":{"loc":{"start":{"line":88,"column":14},"end":{"line":90,"column":15}},"type":"if","locations":[{"start":{"line":88,"column":14},"end":{"line":90,"column":15}},{"start":{"line":88,"column":14},"end":{"line":90,"column":15}}],"line":88},"11":{"loc":{"start":{"line":88,"column":18},"end":{"line":88,"column":44}},"type":"binary-expr","locations":[{"start":{"line":88,"column":18},"end":{"line":88,"column":24}},{"start":{"line":88,"column":28},"end":{"line":88,"column":44}}],"line":88},"12":{"loc":{"start":{"line":109,"column":6},"end":{"line":122,"column":7}},"type":"if","locations":[{"start":{"line":109,"column":6},"end":{"line":122,"column":7}},{"start":{"line":109,"column":6},"end":{"line":122,"column":7}}],"line":109},"13":{"loc":{"start":{"line":110,"column":8},"end":{"line":111,"column":73}},"type":"binary-expr","locations":[{"start":{"line":110,"column":8},"end":{"line":110,"column":31}},{"start":{"line":111,"column":9},"end":{"line":111,"column":28}},{"start":{"line":111,"column":32},"end":{"line":111,"column":72}}],"line":110},"14":{"loc":{"start":{"line":132,"column":2},"end":{"line":140,"column":3}},"type":"if","locations":[{"start":{"line":132,"column":2},"end":{"line":140,"column":3}},{"start":{"line":132,"column":2},"end":{"line":140,"column":3}}],"line":132}},"s":{"0":0,"1":0,"2":0,"3":0,"4":0,"5":0,"6":0,"7":0,"8":0,"9":0,"10":0,"11":0,"12":0,"13":0,"14":0,"15":0,"16":0,"17":0,"18":0,"19":0,"20":0,"21":0,"22":0,"23":0,"24":0,"25":0,"26":0,"27":0,"28":0,"29":0,"30":0,"31":0,"32":0,"33":0,"34":0,"35":0,"36":0,"37":0,"38":0},"f":{"0":0,"1":0,"2":0,"3":0,"4":0,"5":0,"6":0,"7":0,"8":0,"9":0,"10":0,"11":0,"12":0,"13":0,"14":0,"15":0},"b":{"0":[0,0,0],"1":[0,0],"2":[0,0],"3":[0,0],"4":[0,0],"5":[0,0],"6":[0,0],"7":[0,0],"8":[0,0],"9":[0,0],"10":[0,0],"11":[0,0],"12":[0,0],"13":[0,0,0],"14":[0,0]},"hash":"d8d886910ea40aa0c6a28da2af174a36fea7365c"}
,"H:\\se2project\\PULSeBS_12\\frontend\\src\\store.js": {"path":"H:\\se2project\\PULSeBS_12\\frontend\\src\\store.js","statementMap":{"0":{"start":{"line":4,"column":20},"end":{"line":6,"column":2}},"1":{"start":{"line":8,"column":21},"end":{"line":10,"column":2}}},"fnMap":{},"branchMap":{},"s":{"0":0,"1":0},"f":{},"b":{},"hash":"e58bd96b47778251e24b696cb44451b6137fee83"}
,"H:\\se2project\\PULSeBS_12\\frontend\\src\\api\\api.js": {"path":"H:\\se2project\\PULSeBS_12\\frontend\\src\\api\\api.js","statementMap":{"0":{"start":{"line":13,"column":4},"end":{"line":19,"column":10}},"1":{"start":{"line":15,"column":12},"end":{"line":18,"column":13}},"2":{"start":{"line":23,"column":4},"end":{"line":23,"column":86}}},"fnMap":{"0":{"name":"login","decl":{"start":{"line":12,"column":22},"end":{"line":12,"column":27}},"loc":{"start":{"line":12,"column":48},"end":{"line":20,"column":1}},"line":12},"1":{"name":"(anonymous_1)","decl":{"start":{"line":14,"column":14},"end":{"line":14,"column":15}},"loc":{"start":{"line":14,"column":24},"end":{"line":19,"column":9}},"line":14},"2":{"name":"logout","decl":{"start":{"line":22,"column":16},"end":{"line":22,"column":22}},"loc":{"start":{"line":22,"column":24},"end":{"line":24,"column":1}},"line":22}},"branchMap":{},"s":{"0":2,"1":0,"2":0},"f":{"0":2,"1":0,"2":0},"b":{},"_coverageSchema":"43e27e138ebf9cfc5966b082cf9a028302ed4184","hash":"ad97aefb71e822948fb9a0b6dd7f1df5910bf858"}
,"H:\\se2project\\PULSeBS_12\\frontend\\src\\components\\Authsystem.js": {"path":"H:\\se2project\\PULSeBS_12\\frontend\\src\\components\\Authsystem.js","statementMap":{"0":{"start":{"line":10,"column":27},"end":{"line":10,"column":42}},"1":{"start":{"line":13,"column":17},"end":{"line":13,"column":33}},"2":{"start":{"line":14,"column":4},"end":{"line":18,"column":6}},"3":{"start":{"line":22,"column":2},"end":{"line":22,"column":33}},"4":{"start":{"line":26,"column":28},"end":{"line":26,"column":54}},"5":{"start":{"line":27,"column":18},"end":{"line":27,"column":30}},"6":{"start":{"line":30,"column":4},"end":{"line":33,"column":5}},"7":{"start":{"line":31,"column":8},"end":{"line":31,"column":65}},"8":{"start":{"line":31,"column":34},"end":{"line":31,"column":65}},"9":{"start":{"line":32,"column":8},"end":{"line":32,"column":65}},"10":{"start":{"line":32,"column":34},"end":{"line":32,"column":65}},"11":{"start":{"line":36,"column":19},"end":{"line":42,"column":3}},"12":{"start":{"line":37,"column":4},"end":{"line":41,"column":6}},"13":{"start":{"line":38,"column":8},"end":{"line":38,"column":29}},"14":{"start":{"line":39,"column":8},"end":{"line":39,"column":21}},"15":{"start":{"line":40,"column":8},"end":{"line":40,"column":19}},"16":{"start":{"line":44,"column":18},"end":{"line":48,"column":3}},"17":{"start":{"line":45,"column":4},"end":{"line":45,"column":27}},"18":{"start":{"line":46,"column":4},"end":{"line":46,"column":18}},"19":{"start":{"line":47,"column":4},"end":{"line":47,"column":19}},"20":{"start":{"line":50,"column":2},"end":{"line":54,"column":4}},"21":{"start":{"line":58,"column":13},"end":{"line":58,"column":22}},"22":{"start":{"line":59,"column":2},"end":{"line":75,"column":4}},"23":{"start":{"line":63,"column":8},"end":{"line":72,"column":9}},"24":{"start":{"line":82,"column":17},"end":{"line":85,"column":5}},"25":{"start":{"line":86,"column":4},"end":{"line":86,"column":49}},"26":{"start":{"line":86,"column":37},"end":{"line":86,"column":49}},"27":{"start":{"line":88,"column":4},"end":{"line":88,"column":15}},"28":{"start":{"line":92,"column":4},"end":{"line":92,"column":50}},"29":{"start":{"line":93,"column":4},"end":{"line":93,"column":54}}},"fnMap":{"0":{"name":"ProvideAuth","decl":{"start":{"line":12,"column":16},"end":{"line":12,"column":27}},"loc":{"start":{"line":12,"column":42},"end":{"line":19,"column":1}},"line":12},"1":{"name":"useAuth","decl":{"start":{"line":21,"column":16},"end":{"line":21,"column":23}},"loc":{"start":{"line":21,"column":26},"end":{"line":23,"column":1}},"line":21},"2":{"name":"useProvideAuth","decl":{"start":{"line":25,"column":9},"end":{"line":25,"column":23}},"loc":{"start":{"line":25,"column":26},"end":{"line":55,"column":1}},"line":25},"3":{"name":"(anonymous_3)","decl":{"start":{"line":36,"column":19},"end":{"line":36,"column":20}},"loc":{"start":{"line":36,"column":47},"end":{"line":42,"column":3}},"line":36},"4":{"name":"(anonymous_4)","decl":{"start":{"line":37,"column":42},"end":{"line":37,"column":43}},"loc":{"start":{"line":37,"column":52},"end":{"line":41,"column":5}},"line":37},"5":{"name":"(anonymous_5)","decl":{"start":{"line":44,"column":18},"end":{"line":44,"column":19}},"loc":{"start":{"line":44,"column":24},"end":{"line":48,"column":3}},"line":44},"6":{"name":"PrivateRoute","decl":{"start":{"line":57,"column":16},"end":{"line":57,"column":28}},"loc":{"start":{"line":57,"column":62},"end":{"line":76,"column":1}},"line":57},"7":{"name":"(anonymous_7)","decl":{"start":{"line":62,"column":14},"end":{"line":62,"column":15}},"loc":{"start":{"line":63,"column":8},"end":{"line":72,"column":9}},"line":63},"8":{"name":"getUserSession","decl":{"start":{"line":81,"column":9},"end":{"line":81,"column":23}},"loc":{"start":{"line":81,"column":26},"end":{"line":89,"column":1}},"line":81},"9":{"name":"saveUserSession","decl":{"start":{"line":91,"column":9},"end":{"line":91,"column":24}},"loc":{"start":{"line":91,"column":31},"end":{"line":95,"column":1}},"line":91}},"branchMap":{"0":{"loc":{"start":{"line":30,"column":4},"end":{"line":33,"column":5}},"type":"if","locations":[{"start":{"line":30,"column":4},"end":{"line":33,"column":5}},{"start":{"line":30,"column":4},"end":{"line":33,"column":5}}],"line":30},"1":{"loc":{"start":{"line":31,"column":8},"end":{"line":31,"column":65}},"type":"if","locations":[{"start":{"line":31,"column":8},"end":{"line":31,"column":65}},{"start":{"line":31,"column":8},"end":{"line":31,"column":65}}],"line":31},"2":{"loc":{"start":{"line":32,"column":8},"end":{"line":32,"column":65}},"type":"if","locations":[{"start":{"line":32,"column":8},"end":{"line":32,"column":65}},{"start":{"line":32,"column":8},"end":{"line":32,"column":65}}],"line":32},"3":{"loc":{"start":{"line":63,"column":8},"end":{"line":72,"column":9}},"type":"cond-expr","locations":[{"start":{"line":64,"column":10},"end":{"line":64,"column":18}},{"start":{"line":66,"column":10},"end":{"line":71,"column":12}}],"line":63},"4":{"loc":{"start":{"line":63,"column":9},"end":{"line":63,"column":53}},"type":"binary-expr","locations":[{"start":{"line":63,"column":9},"end":{"line":63,"column":18}},{"start":{"line":63,"column":22},"end":{"line":63,"column":53}}],"line":63},"5":{"loc":{"start":{"line":86,"column":4},"end":{"line":86,"column":49}},"type":"if","locations":[{"start":{"line":86,"column":4},"end":{"line":86,"column":49}},{"start":{"line":86,"column":4},"end":{"line":86,"column":49}}],"line":86},"6":{"loc":{"start":{"line":86,"column":7},"end":{"line":86,"column":35}},"type":"binary-expr","locations":[{"start":{"line":86,"column":7},"end":{"line":86,"column":17}},{"start":{"line":86,"column":21},"end":{"line":86,"column":35}}],"line":86}},"s":{"0":1,"1":8,"2":8,"3":0,"4":8,"5":8,"6":8,"7":0,"8":0,"9":0,"10":0,"11":8,"12":2,"13":0,"14":0,"15":0,"16":8,"17":0,"18":0,"19":0,"20":8,"21":0,"22":0,"23":0,"24":8,"25":8,"26":8,"27":0,"28":0,"29":0},"f":{"0":8,"1":0,"2":8,"3":2,"4":0,"5":0,"6":0,"7":0,"8":8,"9":0},"b":{"0":[0,8],"1":[0,0],"2":[0,0],"3":[0,0],"4":[0,0],"5":[8,0],"6":[8,0]},"_coverageSchema":"43e27e138ebf9cfc5966b082cf9a028302ed4184","hash":"8df609f4730f913202be75eff35ac089f9f7e64f"}
,"H:\\se2project\\PULSeBS_12\\frontend\\src\\pages\\Login.js": {"path":"H:\\se2project\\PULSeBS_12\\frontend\\src\\pages\\Login.js","statementMap":{"0":{"start":{"line":10,"column":25},"end":{"line":10,"column":36}},"1":{"start":{"line":11,"column":23},"end":{"line":15,"column":7}},"2":{"start":{"line":17,"column":12},"end":{"line":24,"column":5}},"3":{"start":{"line":26,"column":21},"end":{"line":33,"column":5}},"4":{"start":{"line":27,"column":21},"end":{"line":27,"column":45}},"5":{"start":{"line":28,"column":8},"end":{"line":32,"column":70}},"6":{"start":{"line":29,"column":12},"end":{"line":29,"column":57}},"7":{"start":{"line":30,"column":12},"end":{"line":30,"column":51}},"8":{"start":{"line":32,"column":13},"end":{"line":32,"column":70}},"9":{"start":{"line":35,"column":21},"end":{"line":42,"column":5}},"10":{"start":{"line":36,"column":21},"end":{"line":36,"column":45}},"11":{"start":{"line":37,"column":8},"end":{"line":41,"column":70}},"12":{"start":{"line":38,"column":12},"end":{"line":38,"column":57}},"13":{"start":{"line":39,"column":12},"end":{"line":39,"column":51}},"14":{"start":{"line":41,"column":13},"end":{"line":41,"column":70}},"15":{"start":{"line":44,"column":18},"end":{"line":94,"column":5}},"16":{"start":{"line":45,"column":8},"end":{"line":45,"column":26}},"17":{"start":{"line":46,"column":8},"end":{"line":46,"column":69}},"18":{"start":{"line":49,"column":8},"end":{"line":53,"column":9}},"19":{"start":{"line":50,"column":12},"end":{"line":50,"column":80}},"20":{"start":{"line":50,"column":42},"end":{"line":50,"column":80}},"21":{"start":{"line":51,"column":12},"end":{"line":51,"column":80}},"22":{"start":{"line":51,"column":42},"end":{"line":51,"column":80}},"23":{"start":{"line":52,"column":12},"end":{"line":52,"column":19}},"24":{"start":{"line":55,"column":8},"end":{"line":79,"column":14}},"25":{"start":{"line":57,"column":30},"end":{"line":57,"column":48}},"26":{"start":{"line":58,"column":31},"end":{"line":58,"column":50}},"27":{"start":{"line":60,"column":16},"end":{"line":63,"column":17}},"28":{"start":{"line":61,"column":20},"end":{"line":61,"column":56}},"29":{"start":{"line":62,"column":20},"end":{"line":62,"column":27}},"30":{"start":{"line":65,"column":16},"end":{"line":75,"column":17}},"31":{"start":{"line":67,"column":24},"end":{"line":67,"column":55}},"32":{"start":{"line":68,"column":24},"end":{"line":68,"column":30}},"33":{"start":{"line":70,"column":24},"end":{"line":70,"column":55}},"34":{"start":{"line":71,"column":24},"end":{"line":71,"column":30}},"35":{"start":{"line":73,"column":24},"end":{"line":73,"column":44}},"36":{"start":{"line":74,"column":24},"end":{"line":74,"column":30}},"37":{"start":{"line":78,"column":16},"end":{"line":78,"column":33}},"38":{"start":{"line":78,"column":34},"end":{"line":78,"column":67}},"39":{"start":{"line":96,"column":18},"end":{"line":99,"column":5}},"40":{"start":{"line":97,"column":8},"end":{"line":97,"column":27}},"41":{"start":{"line":98,"column":8},"end":{"line":98,"column":96}},"42":{"start":{"line":102,"column":8},"end":{"line":133,"column":9}}},"fnMap":{"0":{"name":"(anonymous_0)","decl":{"start":{"line":26,"column":21},"end":{"line":26,"column":22}},"loc":{"start":{"line":26,"column":28},"end":{"line":33,"column":5}},"line":26},"1":{"name":"(anonymous_1)","decl":{"start":{"line":35,"column":21},"end":{"line":35,"column":22}},"loc":{"start":{"line":35,"column":28},"end":{"line":42,"column":5}},"line":35},"2":{"name":"(anonymous_2)","decl":{"start":{"line":44,"column":18},"end":{"line":44,"column":19}},"loc":{"start":{"line":44,"column":25},"end":{"line":94,"column":5}},"line":44},"3":{"name":"(anonymous_3)","decl":{"start":{"line":56,"column":18},"end":{"line":56,"column":19}},"loc":{"start":{"line":56,"column":28},"end":{"line":76,"column":13}},"line":56},"4":{"name":"(anonymous_4)","decl":{"start":{"line":77,"column":19},"end":{"line":77,"column":20}},"loc":{"start":{"line":77,"column":26},"end":{"line":79,"column":13}},"line":77},"5":{"name":"(anonymous_5)","decl":{"start":{"line":96,"column":18},"end":{"line":96,"column":19}},"loc":{"start":{"line":96,"column":25},"end":{"line":99,"column":5}},"line":96},"6":{"name":"(anonymous_6)","decl":{"start":{"line":101,"column":4},"end":{"line":101,"column":5}},"loc":{"start":{"line":101,"column":13},"end":{"line":135,"column":5}},"line":101}},"branchMap":{"0":{"loc":{"start":{"line":28,"column":8},"end":{"line":32,"column":70}},"type":"if","locations":[{"start":{"line":28,"column":8},"end":{"line":32,"column":70}},{"start":{"line":28,"column":8},"end":{"line":32,"column":70}}],"line":28},"1":{"loc":{"start":{"line":37,"column":8},"end":{"line":41,"column":70}},"type":"if","locations":[{"start":{"line":37,"column":8},"end":{"line":41,"column":70}},{"start":{"line":37,"column":8},"end":{"line":41,"column":70}}],"line":37},"2":{"loc":{"start":{"line":49,"column":8},"end":{"line":53,"column":9}},"type":"if","locations":[{"start":{"line":49,"column":8},"end":{"line":53,"column":9}},{"start":{"line":49,"column":8},"end":{"line":53,"column":9}}],"line":49},"3":{"loc":{"start":{"line":49,"column":12},"end":{"line":49,"column":64}},"type":"binary-expr","locations":[{"start":{"line":49,"column":12},"end":{"line":49,"column":36}},{"start":{"line":49,"column":40},"end":{"line":49,"column":64}}],"line":49},"4":{"loc":{"start":{"line":50,"column":12},"end":{"line":50,"column":80}},"type":"if","locations":[{"start":{"line":50,"column":12},"end":{"line":50,"column":80}},{"start":{"line":50,"column":12},"end":{"line":50,"column":80}}],"line":50},"5":{"loc":{"start":{"line":51,"column":12},"end":{"line":51,"column":80}},"type":"if","locations":[{"start":{"line":51,"column":12},"end":{"line":51,"column":80}},{"start":{"line":51,"column":12},"end":{"line":51,"column":80}}],"line":51},"6":{"loc":{"start":{"line":60,"column":16},"end":{"line":63,"column":17}},"type":"if","locations":[{"start":{"line":60,"column":16},"end":{"line":63,"column":17}},{"start":{"line":60,"column":16},"end":{"line":63,"column":17}}],"line":60},"7":{"loc":{"start":{"line":60,"column":19},"end":{"line":60,"column":57}},"type":"binary-expr","locations":[{"start":{"line":60,"column":19},"end":{"line":60,"column":33}},{"start":{"line":60,"column":38},"end":{"line":60,"column":57}}],"line":60},"8":{"loc":{"start":{"line":65,"column":16},"end":{"line":75,"column":17}},"type":"switch","locations":[{"start":{"line":66,"column":20},"end":{"line":68,"column":30}},{"start":{"line":69,"column":20},"end":{"line":71,"column":30}},{"start":{"line":72,"column":20},"end":{"line":74,"column":30}}],"line":65},"9":{"loc":{"start":{"line":111,"column":28},"end":{"line":113,"column":34}},"type":"cond-expr","locations":[{"start":{"line":112,"column":30},"end":{"line":112,"column":108}},{"start":{"line":113,"column":30},"end":{"line":113,"column":34}}],"line":111},"10":{"loc":{"start":{"line":119,"column":28},"end":{"line":121,"column":34}},"type":"cond-expr","locations":[{"start":{"line":120,"column":30},"end":{"line":120,"column":141}},{"start":{"line":121,"column":30},"end":{"line":121,"column":34}}],"line":119}},"s":{"0":1,"1":1,"2":8,"3":8,"4":5,"5":5,"6":4,"7":4,"8":1,"9":8,"10":5,"11":5,"12":4,"13":4,"14":1,"15":8,"16":3,"17":3,"18":3,"19":1,"20":1,"21":1,"22":1,"23":1,"24":2,"25":0,"26":0,"27":0,"28":0,"29":0,"30":0,"31":0,"32":0,"33":0,"34":0,"35":0,"36":0,"37":2,"38":2,"39":8,"40":1,"41":1,"42":22},"f":{"0":5,"1":5,"2":3,"3":0,"4":2,"5":1,"6":22},"b":{"0":[4,1],"1":[4,1],"2":[1,2],"3":[3,2],"4":[1,0],"5":[1,0],"6":[0,0],"7":[0,0],"8":[0,0,0],"9":[20,2],"10":[2,20]},"_coverageSchema":"43e27e138ebf9cfc5966b082cf9a028302ed4184","hash":"b1b4119422fc8f8c9b0e64870ddf95f957b7c5c7"}
,"H:\\se2project\\PULSeBS_12\\frontend\\src\\pages\\studentHome.js": {"path":"H:\\se2project\\PULSeBS_12\\frontend\\src\\pages\\studentHome.js","statementMap":{"0":{"start":{"line":9,"column":25},"end":{"line":9,"column":36}},"1":{"start":{"line":11,"column":12},"end":{"line":14,"column":5}},"2":{"start":{"line":17,"column":8},"end":{"line":22,"column":12}},"3":{"start":{"line":18,"column":12},"end":{"line":18,"column":53}},"4":{"start":{"line":19,"column":12},"end":{"line":19,"column":37}},"5":{"start":{"line":21,"column":12},"end":{"line":21,"column":29}},"6":{"start":{"line":25,"column":14},"end":{"line":27,"column":5}},"7":{"start":{"line":26,"column":8},"end":{"line":26,"column":36}},"8":{"start":{"line":31,"column":8},"end":{"line":42,"column":12}},"9":{"start":{"line":32,"column":36},"end":{"line":32,"column":63}},"10":{"start":{"line":33,"column":12},"end":{"line":38,"column":14}},"11":{"start":{"line":34,"column":30},"end":{"line":36,"column":17}},"12":{"start":{"line":35,"column":20},"end":{"line":35,"column":110}},"13":{"start":{"line":37,"column":16},"end":{"line":37,"column":60}},"14":{"start":{"line":39,"column":12},"end":{"line":39,"column":54}},"15":{"start":{"line":41,"column":12},"end":{"line":41,"column":29}},"16":{"start":{"line":51,"column":21},"end":{"line":54,"column":9}},"17":{"start":{"line":55,"column":8},"end":{"line":62,"column":16}},"18":{"start":{"line":57,"column":36},"end":{"line":57,"column":63}},"19":{"start":{"line":58,"column":16},"end":{"line":58,"column":55}},"20":{"start":{"line":59,"column":16},"end":{"line":59,"column":54}},"21":{"start":{"line":61,"column":16},"end":{"line":61,"column":33}},"22":{"start":{"line":66,"column":8},"end":{"line":74,"column":16}},"23":{"start":{"line":68,"column":16},"end":{"line":68,"column":37}},"24":{"start":{"line":69,"column":36},"end":{"line":69,"column":63}},"25":{"start":{"line":70,"column":16},"end":{"line":70,"column":56}},"26":{"start":{"line":71,"column":16},"end":{"line":71,"column":54}},"27":{"start":{"line":73,"column":16},"end":{"line":73,"column":33}},"28":{"start":{"line":78,"column":8},"end":{"line":87,"column":9}},"29":{"start":{"line":84,"column":39},"end":{"line":84,"column":94}},"30":{"start":{"line":91,"column":8},"end":{"line":100,"column":9}},"31":{"start":{"line":94,"column":39},"end":{"line":94,"column":95}},"32":{"start":{"line":104,"column":8},"end":{"line":128,"column":9}},"33":{"start":{"line":118,"column":24},"end":{"line":123,"column":29}},"34":{"start":{"line":133,"column":8},"end":{"line":140,"column":9}}},"fnMap":{"0":{"name":"(anonymous_0)","decl":{"start":{"line":16,"column":4},"end":{"line":16,"column":5}},"loc":{"start":{"line":16,"column":24},"end":{"line":23,"column":5}},"line":16},"1":{"name":"(anonymous_1)","decl":{"start":{"line":17,"column":88},"end":{"line":17,"column":89}},"loc":{"start":{"line":17,"column":101},"end":{"line":20,"column":9}},"line":17},"2":{"name":"(anonymous_2)","decl":{"start":{"line":20,"column":17},"end":{"line":20,"column":18}},"loc":{"start":{"line":20,"column":22},"end":{"line":22,"column":10}},"line":20},"3":{"name":"(anonymous_3)","decl":{"start":{"line":25,"column":14},"end":{"line":25,"column":15}},"loc":{"start":{"line":25,"column":23},"end":{"line":27,"column":5}},"line":25},"4":{"name":"(anonymous_4)","decl":{"start":{"line":29,"column":4},"end":{"line":29,"column":5}},"loc":{"start":{"line":29,"column":23},"end":{"line":43,"column":5}},"line":29},"5":{"name":"(anonymous_5)","decl":{"start":{"line":31,"column":94},"end":{"line":31,"column":95}},"loc":{"start":{"line":31,"column":107},"end":{"line":40,"column":9}},"line":31},"6":{"name":"(anonymous_6)","decl":{"start":{"line":33,"column":29},"end":{"line":33,"column":30}},"loc":{"start":{"line":33,"column":46},"end":{"line":38,"column":13}},"line":33},"7":{"name":"(anonymous_7)","decl":{"start":{"line":34,"column":60},"end":{"line":34,"column":61}},"loc":{"start":{"line":35,"column":20},"end":{"line":35,"column":110}},"line":35},"8":{"name":"(anonymous_8)","decl":{"start":{"line":40,"column":17},"end":{"line":40,"column":18}},"loc":{"start":{"line":40,"column":22},"end":{"line":42,"column":10}},"line":40},"9":{"name":"(anonymous_9)","decl":{"start":{"line":50,"column":4},"end":{"line":50,"column":5}},"loc":{"start":{"line":50,"column":37},"end":{"line":63,"column":5}},"line":50},"10":{"name":"(anonymous_10)","decl":{"start":{"line":56,"column":18},"end":{"line":56,"column":19}},"loc":{"start":{"line":56,"column":30},"end":{"line":60,"column":13}},"line":56},"11":{"name":"(anonymous_11)","decl":{"start":{"line":60,"column":21},"end":{"line":60,"column":22}},"loc":{"start":{"line":60,"column":26},"end":{"line":62,"column":14}},"line":60},"12":{"name":"(anonymous_12)","decl":{"start":{"line":65,"column":4},"end":{"line":65,"column":5}},"loc":{"start":{"line":65,"column":38},"end":{"line":75,"column":5}},"line":65},"13":{"name":"(anonymous_13)","decl":{"start":{"line":67,"column":18},"end":{"line":67,"column":19}},"loc":{"start":{"line":67,"column":30},"end":{"line":72,"column":13}},"line":67},"14":{"name":"(anonymous_14)","decl":{"start":{"line":72,"column":21},"end":{"line":72,"column":22}},"loc":{"start":{"line":72,"column":26},"end":{"line":74,"column":14}},"line":72},"15":{"name":"(anonymous_15)","decl":{"start":{"line":77,"column":4},"end":{"line":77,"column":5}},"loc":{"start":{"line":77,"column":41},"end":{"line":88,"column":5}},"line":77},"16":{"name":"(anonymous_16)","decl":{"start":{"line":84,"column":33},"end":{"line":84,"column":34}},"loc":{"start":{"line":84,"column":39},"end":{"line":84,"column":94}},"line":84},"17":{"name":"(anonymous_17)","decl":{"start":{"line":90,"column":4},"end":{"line":90,"column":5}},"loc":{"start":{"line":90,"column":38},"end":{"line":101,"column":5}},"line":90},"18":{"name":"(anonymous_18)","decl":{"start":{"line":94,"column":33},"end":{"line":94,"column":34}},"loc":{"start":{"line":94,"column":39},"end":{"line":94,"column":95}},"line":94},"19":{"name":"(anonymous_19)","decl":{"start":{"line":103,"column":4},"end":{"line":103,"column":5}},"loc":{"start":{"line":103,"column":25},"end":{"line":129,"column":5}},"line":103},"20":{"name":"(anonymous_20)","decl":{"start":{"line":117,"column":45},"end":{"line":117,"column":46}},"loc":{"start":{"line":118,"column":24},"end":{"line":123,"column":29}},"line":118},"21":{"name":"(anonymous_21)","decl":{"start":{"line":132,"column":4},"end":{"line":132,"column":5}},"loc":{"start":{"line":132,"column":13},"end":{"line":141,"column":5}},"line":132}},"branchMap":{"0":{"loc":{"start":{"line":35,"column":20},"end":{"line":35,"column":110}},"type":"binary-expr","locations":[{"start":{"line":35,"column":20},"end":{"line":35,"column":67}},{"start":{"line":35,"column":71},"end":{"line":35,"column":110}}],"line":35},"1":{"loc":{"start":{"line":80,"column":13},"end":{"line":81,"column":51}},"type":"binary-expr","locations":[{"start":{"line":80,"column":13},"end":{"line":80,"column":34}},{"start":{"line":81,"column":16},"end":{"line":81,"column":51}}],"line":80},"2":{"loc":{"start":{"line":83,"column":13},"end":{"line":84,"column":114}},"type":"binary-expr","locations":[{"start":{"line":83,"column":13},"end":{"line":83,"column":35}},{"start":{"line":84,"column":16},"end":{"line":84,"column":114}}],"line":83},"3":{"loc":{"start":{"line":93,"column":13},"end":{"line":94,"column":129}},"type":"binary-expr","locations":[{"start":{"line":93,"column":13},"end":{"line":93,"column":34}},{"start":{"line":94,"column":16},"end":{"line":94,"column":129}}],"line":93},"4":{"loc":{"start":{"line":96,"column":13},"end":{"line":97,"column":65}},"type":"binary-expr","locations":[{"start":{"line":96,"column":13},"end":{"line":96,"column":35}},{"start":{"line":97,"column":16},"end":{"line":97,"column":65}}],"line":96},"5":{"loc":{"start":{"line":136,"column":17},"end":{"line":137,"column":46}},"type":"binary-expr","locations":[{"start":{"line":136,"column":17},"end":{"line":136,"column":38}},{"start":{"line":136,"column":42},"end":{"line":136,"column":69}},{"start":{"line":137,"column":20},"end":{"line":137,"column":46}}],"line":136}},"s":{"0":1,"1":0,"2":0,"3":0,"4":0,"5":0,"6":0,"7":0,"8":0,"9":0,"10":0,"11":0,"12":0,"13":0,"14":0,"15":0,"16":0,"17":0,"18":0,"19":0,"20":0,"21":0,"22":0,"23":0,"24":0,"25":0,"26":0,"27":0,"28":0,"29":0,"30":0,"31":0,"32":0,"33":0,"34":0},"f":{"0":0,"1":0,"2":0,"3":0,"4":0,"5":0,"6":0,"7":0,"8":0,"9":0,"10":0,"11":0,"12":0,"13":0,"14":0,"15":0,"16":0,"17":0,"18":0,"19":0,"20":0,"21":0},"b":{"0":[0,0],"1":[0,0],"2":[0,0],"3":[0,0],"4":[0,0],"5":[0,0,0]},"_coverageSchema":"43e27e138ebf9cfc5966b082cf9a028302ed4184","hash":"6717074b2ba0719c5c5c4009ebad9a86a4141ca7"}
,"H:\\se2project\\PULSeBS_12\\frontend\\src\\pages\\studentNavbar.js": {"path":"H:\\se2project\\PULSeBS_12\\frontend\\src\\pages\\studentNavbar.js","statementMap":{"0":{"start":{"line":8,"column":25},"end":{"line":8,"column":36}},"1":{"start":{"line":10,"column":19},"end":{"line":12,"column":5}},"2":{"start":{"line":11,"column":8},"end":{"line":11,"column":30}},"3":{"start":{"line":14,"column":16},"end":{"line":17,"column":5}},"4":{"start":{"line":15,"column":8},"end":{"line":15,"column":27}},"5":{"start":{"line":16,"column":8},"end":{"line":16,"column":48}},"6":{"start":{"line":19,"column":19},"end":{"line":21,"column":5}},"7":{"start":{"line":20,"column":8},"end":{"line":20,"column":30}},"8":{"start":{"line":23,"column":19},"end":{"line":27,"column":5}},"9":{"start":{"line":24,"column":8},"end":{"line":26,"column":10}},"10":{"start":{"line":25,"column":12},"end":{"line":25,"column":43}},"11":{"start":{"line":30,"column":8},"end":{"line":41,"column":9}}},"fnMap":{"0":{"name":"(anonymous_0)","decl":{"start":{"line":10,"column":19},"end":{"line":10,"column":20}},"loc":{"start":{"line":10,"column":25},"end":{"line":12,"column":5}},"line":10},"1":{"name":"(anonymous_1)","decl":{"start":{"line":14,"column":16},"end":{"line":14,"column":17}},"loc":{"start":{"line":14,"column":23},"end":{"line":17,"column":5}},"line":14},"2":{"name":"(anonymous_2)","decl":{"start":{"line":19,"column":19},"end":{"line":19,"column":20}},"loc":{"start":{"line":19,"column":25},"end":{"line":21,"column":5}},"line":19},"3":{"name":"(anonymous_3)","decl":{"start":{"line":23,"column":19},"end":{"line":23,"column":20}},"loc":{"start":{"line":23,"column":25},"end":{"line":27,"column":5}},"line":23},"4":{"name":"(anonymous_4)","decl":{"start":{"line":24,"column":36},"end":{"line":24,"column":37}},"loc":{"start":{"line":24,"column":42},"end":{"line":26,"column":9}},"line":24},"5":{"name":"(anonymous_5)","decl":{"start":{"line":28,"column":4},"end":{"line":28,"column":5}},"loc":{"start":{"line":28,"column":13},"end":{"line":42,"column":5}},"line":28}},"branchMap":{},"s":{"0":1,"1":0,"2":0,"3":0,"4":0,"5":0,"6":0,"7":0,"8":0,"9":0,"10":0,"11":0},"f":{"0":0,"1":0,"2":0,"3":0,"4":0,"5":0},"b":{},"_coverageSchema":"43e27e138ebf9cfc5966b082cf9a028302ed4184","hash":"d4531d16f27d30747c335de0baca3b15b6fa7295"}
,"H:\\se2project\\PULSeBS_12\\frontend\\src\\pages\\teacherHome.js": {"path":"H:\\se2project\\PULSeBS_12\\frontend\\src\\pages\\teacherHome.js","statementMap":{"0":{"start":{"line":8,"column":25},"end":{"line":8,"column":36}},"1":{"start":{"line":10,"column":12},"end":{"line":12,"column":5}},"2":{"start":{"line":16,"column":14},"end":{"line":18,"column":5}},"3":{"start":{"line":17,"column":8},"end":{"line":17,"column":36}},"4":{"start":{"line":21,"column":20},"end":{"line":40,"column":5}},"5":{"start":{"line":22,"column":8},"end":{"line":27,"column":9}},"6":{"start":{"line":22,"column":35},"end":{"line":27,"column":9}},"7":{"start":{"line":29,"column":8},"end":{"line":39,"column":9}},"8":{"start":{"line":29,"column":35},"end":{"line":33,"column":9}},"9":{"start":{"line":35,"column":13},"end":{"line":39,"column":9}},"10":{"start":{"line":44,"column":8},"end":{"line":50,"column":9}}},"fnMap":{"0":{"name":"(anonymous_0)","decl":{"start":{"line":16,"column":14},"end":{"line":16,"column":15}},"loc":{"start":{"line":16,"column":23},"end":{"line":18,"column":5}},"line":16},"1":{"name":"(anonymous_1)","decl":{"start":{"line":21,"column":20},"end":{"line":21,"column":21}},"loc":{"start":{"line":21,"column":26},"end":{"line":40,"column":5}},"line":21},"2":{"name":"(anonymous_2)","decl":{"start":{"line":42,"column":4},"end":{"line":42,"column":5}},"loc":{"start":{"line":42,"column":13},"end":{"line":51,"column":5}},"line":42}},"branchMap":{"0":{"loc":{"start":{"line":22,"column":8},"end":{"line":27,"column":9}},"type":"if","locations":[{"start":{"line":22,"column":8},"end":{"line":27,"column":9}},{"start":{"line":22,"column":8},"end":{"line":27,"column":9}}],"line":22},"1":{"loc":{"start":{"line":29,"column":8},"end":{"line":39,"column":9}},"type":"if","locations":[{"start":{"line":29,"column":8},"end":{"line":39,"column":9}},{"start":{"line":29,"column":8},"end":{"line":39,"column":9}}],"line":29}},"s":{"0":1,"1":0,"2":0,"3":0,"4":0,"5":0,"6":0,"7":0,"8":0,"9":0,"10":0},"f":{"0":0,"1":0,"2":0},"b":{"0":[0,0],"1":[0,0]},"_coverageSchema":"43e27e138ebf9cfc5966b082cf9a028302ed4184","hash":"8078be21edcb743144c1dca6c5dac8885a16b46c"}
,"H:\\se2project\\PULSeBS_12\\frontend\\src\\pages\\teacherNavbar.js": {"path":"H:\\se2project\\PULSeBS_12\\frontend\\src\\pages\\teacherNavbar.js","statementMap":{"0":{"start":{"line":9,"column":25},"end":{"line":9,"column":36}},"1":{"start":{"line":11,"column":20},"end":{"line":13,"column":6}},"2":{"start":{"line":12,"column":9},"end":{"line":12,"column":31}},"3":{"start":{"line":15,"column":23},"end":{"line":17,"column":6}},"4":{"start":{"line":16,"column":9},"end":{"line":16,"column":30}},"5":{"start":{"line":19,"column":17},"end":{"line":22,"column":6}},"6":{"start":{"line":20,"column":9},"end":{"line":20,"column":28}},"7":{"start":{"line":21,"column":9},"end":{"line":21,"column":38}},"8":{"start":{"line":24,"column":20},"end":{"line":28,"column":6}},"9":{"start":{"line":25,"column":8},"end":{"line":27,"column":10}},"10":{"start":{"line":26,"column":12},"end":{"line":26,"column":43}},"11":{"start":{"line":32,"column":9},"end":{"line":43,"column":10}}},"fnMap":{"0":{"name":"(anonymous_0)","decl":{"start":{"line":11,"column":20},"end":{"line":11,"column":21}},"loc":{"start":{"line":11,"column":26},"end":{"line":13,"column":6}},"line":11},"1":{"name":"(anonymous_1)","decl":{"start":{"line":15,"column":23},"end":{"line":15,"column":24}},"loc":{"start":{"line":15,"column":28},"end":{"line":17,"column":6}},"line":15},"2":{"name":"(anonymous_2)","decl":{"start":{"line":19,"column":17},"end":{"line":19,"column":18}},"loc":{"start":{"line":19,"column":24},"end":{"line":22,"column":6}},"line":19},"3":{"name":"(anonymous_3)","decl":{"start":{"line":24,"column":20},"end":{"line":24,"column":21}},"loc":{"start":{"line":24,"column":26},"end":{"line":28,"column":6}},"line":24},"4":{"name":"(anonymous_4)","decl":{"start":{"line":25,"column":36},"end":{"line":25,"column":37}},"loc":{"start":{"line":25,"column":42},"end":{"line":27,"column":9}},"line":25},"5":{"name":"(anonymous_5)","decl":{"start":{"line":30,"column":5},"end":{"line":30,"column":6}},"loc":{"start":{"line":30,"column":14},"end":{"line":44,"column":6}},"line":30}},"branchMap":{},"s":{"0":1,"1":0,"2":0,"3":0,"4":0,"5":0,"6":0,"7":0,"8":0,"9":0,"10":0,"11":0},"f":{"0":0,"1":0,"2":0,"3":0,"4":0,"5":0},"b":{},"_coverageSchema":"43e27e138ebf9cfc5966b082cf9a028302ed4184","hash":"187f2170ee7a0dc07b7d8817fd174a1fce935fdf"}
,"H:\\se2project\\PULSeBS_12\\frontend\\src\\pages\\teacherTabLec.js": {"path":"H:\\se2project\\PULSeBS_12\\frontend\\src\\pages\\teacherTabLec.js","statementMap":{"0":{"start":{"line":11,"column":12},"end":{"line":11,"column":60}},"1":{"start":{"line":14,"column":8},"end":{"line":14,"column":21}},"2":{"start":{"line":17,"column":24},"end":{"line":22,"column":5}},"3":{"start":{"line":19,"column":8},"end":{"line":19,"column":47}},"4":{"start":{"line":21,"column":8},"end":{"line":21,"column":25}},"5":{"start":{"line":24,"column":18},"end":{"line":26,"column":5}},"6":{"start":{"line":25,"column":8},"end":{"line":25,"column":39}},"7":{"start":{"line":28,"column":17},"end":{"line":30,"column":5}},"8":{"start":{"line":29,"column":8},"end":{"line":29,"column":39}},"9":{"start":{"line":34,"column":24},"end":{"line":34,"column":26}},"10":{"start":{"line":36,"column":8},"end":{"line":43,"column":11}},"11":{"start":{"line":37,"column":12},"end":{"line":42,"column":18}},"12":{"start":{"line":41,"column":46},"end":{"line":41,"column":65}},"13":{"start":{"line":41,"column":66},"end":{"line":41,"column":97}},"14":{"start":{"line":45,"column":8},"end":{"line":72,"column":9}},"15":{"start":{"line":66,"column":88},"end":{"line":66,"column":107}},"16":{"start":{"line":67,"column":71},"end":{"line":67,"column":90}}},"fnMap":{"0":{"name":"(anonymous_0)","decl":{"start":{"line":13,"column":4},"end":{"line":13,"column":5}},"loc":{"start":{"line":13,"column":24},"end":{"line":15,"column":5}},"line":13},"1":{"name":"(anonymous_1)","decl":{"start":{"line":17,"column":24},"end":{"line":17,"column":25}},"loc":{"start":{"line":17,"column":37},"end":{"line":22,"column":5}},"line":17},"2":{"name":"(anonymous_2)","decl":{"start":{"line":24,"column":18},"end":{"line":24,"column":19}},"loc":{"start":{"line":24,"column":24},"end":{"line":26,"column":5}},"line":24},"3":{"name":"(anonymous_3)","decl":{"start":{"line":28,"column":17},"end":{"line":28,"column":18}},"loc":{"start":{"line":28,"column":23},"end":{"line":30,"column":5}},"line":28},"4":{"name":"(anonymous_4)","decl":{"start":{"line":32,"column":4},"end":{"line":32,"column":5}},"loc":{"start":{"line":32,"column":13},"end":{"line":73,"column":5}},"line":32},"5":{"name":"(anonymous_5)","decl":{"start":{"line":36,"column":37},"end":{"line":36,"column":38}},"loc":{"start":{"line":36,"column":48},"end":{"line":43,"column":9}},"line":36},"6":{"name":"(anonymous_6)","decl":{"start":{"line":41,"column":37},"end":{"line":41,"column":38}},"loc":{"start":{"line":41,"column":44},"end":{"line":41,"column":99}},"line":41},"7":{"name":"(anonymous_7)","decl":{"start":{"line":66,"column":79},"end":{"line":66,"column":80}},"loc":{"start":{"line":66,"column":86},"end":{"line":66,"column":110}},"line":66},"8":{"name":"(anonymous_8)","decl":{"start":{"line":67,"column":62},"end":{"line":67,"column":63}},"loc":{"start":{"line":67,"column":69},"end":{"line":67,"column":93}},"line":67}},"branchMap":{},"s":{"0":0,"1":0,"2":0,"3":0,"4":0,"5":0,"6":0,"7":0,"8":0,"9":0,"10":0,"11":0,"12":0,"13":0,"14":0,"15":0,"16":0},"f":{"0":0,"1":0,"2":0,"3":0,"4":0,"5":0,"6":0,"7":0,"8":0},"b":{},"_coverageSchema":"43e27e138ebf9cfc5966b082cf9a028302ed4184","hash":"48f700ab285e5df4e8587975fea1988b081f267d"}
,"H:\\se2project\\PULSeBS_12\\frontend\\src\\pages\\teacherTabSL.js": {"path":"H:\\se2project\\PULSeBS_12\\frontend\\src\\pages\\teacherTabSL.js","statementMap":{"0":{"start":{"line":11,"column":13},"end":{"line":11,"column":59}},"1":{"start":{"line":14,"column":9},"end":{"line":14,"column":22}},"2":{"start":{"line":18,"column":16},"end":{"line":27,"column":6}},"3":{"start":{"line":19,"column":9},"end":{"line":25,"column":17}},"4":{"start":{"line":21,"column":17},"end":{"line":21,"column":33}},"5":{"start":{"line":22,"column":17},"end":{"line":22,"column":60}},"6":{"start":{"line":24,"column":17},"end":{"line":24,"column":34}},"7":{"start":{"line":26,"column":9},"end":{"line":26,"column":26}},"8":{"start":{"line":29,"column":19},"end":{"line":31,"column":6}},"9":{"start":{"line":30,"column":9},"end":{"line":30,"column":36}},"10":{"start":{"line":33,"column":18},"end":{"line":35,"column":6}},"11":{"start":{"line":34,"column":9},"end":{"line":34,"column":36}},"12":{"start":{"line":39,"column":20},"end":{"line":39,"column":22}},"13":{"start":{"line":41,"column":9},"end":{"line":48,"column":12}},"14":{"start":{"line":42,"column":13},"end":{"line":47,"column":19}},"15":{"start":{"line":46,"column":47},"end":{"line":46,"column":66}},"16":{"start":{"line":46,"column":67},"end":{"line":46,"column":85}},"17":{"start":{"line":50,"column":30},"end":{"line":50,"column":32}},"18":{"start":{"line":52,"column":9},"end":{"line":57,"column":12}},"19":{"start":{"line":53,"column":13},"end":{"line":56,"column":19}},"20":{"start":{"line":60,"column":9},"end":{"line":93,"column":10}}},"fnMap":{"0":{"name":"(anonymous_0)","decl":{"start":{"line":13,"column":5},"end":{"line":13,"column":6}},"loc":{"start":{"line":13,"column":25},"end":{"line":15,"column":6}},"line":13},"1":{"name":"(anonymous_1)","decl":{"start":{"line":18,"column":16},"end":{"line":18,"column":17}},"loc":{"start":{"line":18,"column":29},"end":{"line":27,"column":6}},"line":18},"2":{"name":"(anonymous_2)","decl":{"start":{"line":20,"column":19},"end":{"line":20,"column":20}},"loc":{"start":{"line":20,"column":26},"end":{"line":23,"column":14}},"line":20},"3":{"name":"(anonymous_3)","decl":{"start":{"line":23,"column":22},"end":{"line":23,"column":23}},"loc":{"start":{"line":23,"column":27},"end":{"line":25,"column":15}},"line":23},"4":{"name":"(anonymous_4)","decl":{"start":{"line":29,"column":19},"end":{"line":29,"column":20}},"loc":{"start":{"line":29,"column":25},"end":{"line":31,"column":6}},"line":29},"5":{"name":"(anonymous_5)","decl":{"start":{"line":33,"column":18},"end":{"line":33,"column":19}},"loc":{"start":{"line":33,"column":24},"end":{"line":35,"column":6}},"line":33},"6":{"name":"(anonymous_6)","decl":{"start":{"line":37,"column":5},"end":{"line":37,"column":6}},"loc":{"start":{"line":37,"column":14},"end":{"line":94,"column":6}},"line":37},"7":{"name":"(anonymous_7)","decl":{"start":{"line":41,"column":38},"end":{"line":41,"column":39}},"loc":{"start":{"line":41,"column":45},"end":{"line":48,"column":10}},"line":41},"8":{"name":"(anonymous_8)","decl":{"start":{"line":46,"column":38},"end":{"line":46,"column":39}},"loc":{"start":{"line":46,"column":45},"end":{"line":46,"column":87}},"line":46},"9":{"name":"(anonymous_9)","decl":{"start":{"line":52,"column":43},"end":{"line":52,"column":44}},"loc":{"start":{"line":52,"column":58},"end":{"line":57,"column":10}},"line":52}},"branchMap":{},"s":{"0":0,"1":0,"2":0,"3":0,"4":0,"5":0,"6":0,"7":0,"8":0,"9":0,"10":0,"11":0,"12":0,"13":0,"14":0,"15":0,"16":0,"17":0,"18":0,"19":0,"20":0},"f":{"0":0,"1":0,"2":0,"3":0,"4":0,"5":0,"6":0,"7":0,"8":0,"9":0},"b":{},"_coverageSchema":"43e27e138ebf9cfc5966b082cf9a028302ed4184","hash":"a254c65baf37432bec57c50878e598cf13e6db86"}
,"H:\\se2project\\PULSeBS_12\\frontend\\src\\pages\\update.js": {"path":"H:\\se2project\\PULSeBS_12\\frontend\\src\\pages\\update.js","statementMap":{"0":{"start":{"line":5,"column":17},"end":{"line":5,"column":19}},"1":{"start":{"line":6,"column":9},"end":{"line":14,"column":17}},"2":{"start":{"line":8,"column":17},"end":{"line":8,"column":39}},"3":{"start":{"line":9,"column":17},"end":{"line":9,"column":36}},"4":{"start":{"line":10,"column":17},"end":{"line":10,"column":38}},"5":{"start":{"line":11,"column":17},"end":{"line":11,"column":60}},"6":{"start":{"line":13,"column":17},"end":{"line":13,"column":34}}},"fnMap":{"0":{"name":"update","decl":{"start":{"line":4,"column":10},"end":{"line":4,"column":16}},"loc":{"start":{"line":4,"column":28},"end":{"line":15,"column":2}},"line":4},"1":{"name":"(anonymous_1)","decl":{"start":{"line":7,"column":19},"end":{"line":7,"column":20}},"loc":{"start":{"line":7,"column":26},"end":{"line":12,"column":14}},"line":7},"2":{"name":"(anonymous_2)","decl":{"start":{"line":12,"column":22},"end":{"line":12,"column":23}},"loc":{"start":{"line":12,"column":27},"end":{"line":14,"column":15}},"line":12}},"branchMap":{},"s":{"0":0,"1":0,"2":0,"3":0,"4":0,"5":0,"6":0},"f":{"0":0,"1":0,"2":0},"b":{},"_coverageSchema":"43e27e138ebf9cfc5966b082cf9a028302ed4184","hash":"bbbebbe3d2a4357ba0038a0b7e8b69d413bde667"}
}
