TN:
SF:H:\se2project\PULSeBS_12\frontend\src\App.js
FN:12,(anonymous_0)
FN:16,(anonymous_1)
FNF:2
FNH:2
FNDA:9,(anonymous_0)
FNDA:9,(anonymous_1)
DA:13,9
DA:17,9
LF:2
LH:2
BRF:0
BRH:0
end_of_record
TN:
SF:H:\se2project\PULSeBS_12\frontend\src\index.js
FNF:0
FNH:0
DA:11,0
DA:25,0
LF:2
LH:0
BRF:0
BRH:0
end_of_record
TN:
SF:H:\se2project\PULSeBS_12\frontend\src\serviceWorker.js
FN:23,register
FN:34,(anonymous_1)
FN:43,(anonymous_2)
FN:57,registerValidSW
FN:60,(anonymous_4)
FN:61,(anonymous_5)
FN:66,(anonymous_6)
FN:96,(anonymous_7)
FN:101,checkValidServiceWorker
FN:106,(anonymous_9)
FN:114,(anonymous_10)
FN:115,(anonymous_11)
FN:124,(anonymous_12)
FN:131,unregister
FN:134,(anonymous_14)
FN:137,(anonymous_15)
FNF:16
FNH:0
FNDA:0,register
FNDA:0,(anonymous_1)
FNDA:0,(anonymous_2)
FNDA:0,registerValidSW
FNDA:0,(anonymous_4)
FNDA:0,(anonymous_5)
FNDA:0,(anonymous_6)
FNDA:0,(anonymous_7)
FNDA:0,checkValidServiceWorker
FNDA:0,(anonymous_9)
FNDA:0,(anonymous_10)
FNDA:0,(anonymous_11)
FNDA:0,(anonymous_12)
FNDA:0,unregister
FNDA:0,(anonymous_14)
FNDA:0,(anonymous_15)
DA:13,0
DA:24,0
DA:26,0
DA:27,0
DA:31,0
DA:34,0
DA:35,0
DA:37,0
DA:39,0
DA:43,0
DA:44,0
DA:51,0
DA:58,0
DA:61,0
DA:62,0
DA:63,0
DA:64,0
DA:66,0
DA:67,0
DA:68,0
DA:72,0
DA:78,0
DA:79,0
DA:85,0
DA:88,0
DA:89,0
DA:97,0
DA:103,0
DA:108,0
DA:109,0
DA:114,0
DA:115,0
DA:116,0
DA:121,0
DA:125,0
DA:132,0
DA:133,0
DA:135,0
DA:138,0
LF:39
LH:0
BRDA:14,0,0,0
BRDA:14,0,1,0
BRDA:14,0,2,0
BRDA:24,1,0,0
BRDA:24,1,1,0
BRDA:24,2,0,0
BRDA:24,2,1,0
BRDA:27,3,0,0
BRDA:27,3,1,0
BRDA:37,4,0,0
BRDA:37,4,1,0
BRDA:63,5,0,0
BRDA:63,5,1,0
BRDA:67,6,0,0
BRDA:67,6,1,0
BRDA:68,7,0,0
BRDA:68,7,1,0
BRDA:78,8,0,0
BRDA:78,8,1,0
BRDA:78,9,0,0
BRDA:78,9,1,0
BRDA:88,10,0,0
BRDA:88,10,1,0
BRDA:88,11,0,0
BRDA:88,11,1,0
BRDA:109,12,0,0
BRDA:109,12,1,0
BRDA:110,13,0,0
BRDA:110,13,1,0
BRDA:110,13,2,0
BRDA:132,14,0,0
BRDA:132,14,1,0
BRF:32
BRH:0
end_of_record
TN:
SF:H:\se2project\PULSeBS_12\frontend\src\store.js
FNF:0
FNH:0
DA:4,0
DA:8,0
LF:2
LH:0
BRF:0
BRH:0
end_of_record
TN:
SF:H:\se2project\PULSeBS_12\frontend\src\api\api.js
FN:12,login
FN:14,(anonymous_1)
FN:22,logout
FNF:3
FNH:3
FNDA:3,login
FNDA:2,(anonymous_1)
FNDA:2,logout
DA:13,3
DA:15,2
DA:23,2
LF:3
LH:3
BRF:0
BRH:0
end_of_record
TN:
SF:H:\se2project\PULSeBS_12\frontend\src\components\Authsystem.js
FN:12,ProvideAuth
FN:21,useAuth
FN:25,useProvideAuth
FN:36,(anonymous_3)
FN:37,(anonymous_4)
FN:44,(anonymous_5)
FN:57,PrivateRoute
FN:62,(anonymous_7)
FN:81,getUserSession
FN:91,saveUserSession
FNF:10
FNH:9
FNDA:11,ProvideAuth
FNDA:3,useAuth
FNDA:11,useProvideAuth
FNDA:3,(anonymous_3)
FNDA:2,(anonymous_4)
FNDA:0,(anonymous_5)
FNDA:3,PrivateRoute
FNDA:3,(anonymous_7)
FNDA:11,getUserSession
FNDA:2,saveUserSession
DA:10,1
DA:13,11
DA:14,11
DA:22,3
DA:26,11
DA:27,11
DA:30,11
DA:31,2
DA:32,2
DA:36,11
DA:37,3
DA:38,2
DA:39,2
DA:40,2
DA:44,11
DA:45,0
DA:46,0
DA:47,0
DA:50,11
DA:58,3
DA:59,3
DA:63,3
DA:82,11
DA:86,11
DA:88,2
DA:92,2
DA:93,2
LF:27
LH:24
BRDA:30,0,0,2
BRDA:30,0,1,9
BRDA:31,1,0,1
BRDA:31,1,1,1
BRDA:32,2,0,1
BRDA:32,2,1,1
BRDA:63,3,0,1
BRDA:63,3,1,2
BRDA:63,4,0,3
BRDA:63,4,1,2
BRDA:86,5,0,9
BRDA:86,5,1,2
BRDA:86,6,0,11
BRDA:86,6,1,2
BRF:14
BRH:14
end_of_record
TN:
SF:H:\se2project\PULSeBS_12\frontend\src\pages\Login.js
FN:26,(anonymous_0)
FN:35,(anonymous_1)
FN:44,(anonymous_2)
FN:56,(anonymous_3)
FN:77,(anonymous_4)
FN:96,(anonymous_5)
FN:101,(anonymous_6)
FNF:7
FNH:7
FNDA:6,(anonymous_0)
FNDA:6,(anonymous_1)
FNDA:4,(anonymous_2)
FNDA:2,(anonymous_3)
FNDA:1,(anonymous_4)
FNDA:1,(anonymous_5)
FNDA:27,(anonymous_6)
DA:10,1
DA:11,1
DA:17,10
DA:26,10
DA:27,6
DA:28,6
DA:29,5
DA:30,5
DA:32,1
DA:35,10
DA:36,6
DA:37,6
DA:38,5
DA:39,5
DA:41,1
DA:44,10
DA:45,4
DA:46,4
DA:49,4
DA:50,1
DA:51,1
DA:52,1
DA:55,3
DA:57,2
DA:58,2
DA:60,2
DA:61,1
DA:62,1
DA:65,1
DA:67,0
DA:68,0
DA:70,1
DA:71,1
DA:73,0
DA:74,0
DA:78,1
DA:96,10
DA:97,1
DA:98,1
DA:102,27
LF:40
LH:36
BRDA:28,0,0,5
BRDA:28,0,1,1
BRDA:37,1,0,5
BRDA:37,1,1,1
BRDA:49,2,0,1
BRDA:49,2,1,3
BRDA:49,3,0,4
BRDA:49,3,1,3
BRDA:50,4,0,1
BRDA:50,4,1,0
BRDA:51,5,0,1
BRDA:51,5,1,0
BRDA:60,6,0,1
BRDA:60,6,1,1
BRDA:60,7,0,2
BRDA:60,7,1,1
BRDA:65,8,0,0
BRDA:65,8,1,1
BRDA:65,8,2,0
BRDA:111,9,0,26
BRDA:111,9,1,1
BRDA:119,10,0,1
BRDA:119,10,1,26
BRF:23
BRH:19
end_of_record
TN:
SF:H:\se2project\PULSeBS_12\frontend\src\pages\studentHome.js
FN:16,(anonymous_0)
FN:17,(anonymous_1)
FN:20,(anonymous_2)
FN:25,(anonymous_3)
FN:29,(anonymous_4)
FN:31,(anonymous_5)
FN:33,(anonymous_6)
FN:34,(anonymous_7)
FN:41,(anonymous_8)
FN:51,(anonymous_9)
FN:57,(anonymous_10)
FN:61,(anonymous_11)
FN:66,(anonymous_12)
FN:68,(anonymous_13)
FN:73,(anonymous_14)
FN:78,(anonymous_15)
FN:85,(anonymous_16)
FN:91,(anonymous_17)
FN:95,(anonymous_18)
FN:104,(anonymous_19)
FN:118,(anonymous_20)
FN:132,(anonymous_21)
FN:137,(anonymous_22)
FNF:23
FNH:0
FNDA:0,(anonymous_0)
FNDA:0,(anonymous_1)
FNDA:0,(anonymous_2)
FNDA:0,(anonymous_3)
FNDA:0,(anonymous_4)
FNDA:0,(anonymous_5)
FNDA:0,(anonymous_6)
FNDA:0,(anonymous_7)
FNDA:0,(anonymous_8)
FNDA:0,(anonymous_9)
FNDA:0,(anonymous_10)
FNDA:0,(anonymous_11)
FNDA:0,(anonymous_12)
FNDA:0,(anonymous_13)
FNDA:0,(anonymous_14)
FNDA:0,(anonymous_15)
FNDA:0,(anonymous_16)
FNDA:0,(anonymous_17)
FNDA:0,(anonymous_18)
FNDA:0,(anonymous_19)
FNDA:0,(anonymous_20)
FNDA:0,(anonymous_21)
FNDA:0,(anonymous_22)
DA:9,1
DA:11,0
DA:17,0
DA:18,0
DA:19,0
DA:21,0
DA:25,0
DA:26,0
DA:31,0
DA:32,0
DA:33,0
DA:34,0
DA:35,0
DA:37,0
DA:38,0
DA:40,0
DA:42,0
DA:52,0
DA:56,0
DA:58,0
DA:59,0
DA:60,0
DA:62,0
DA:67,0
DA:69,0
DA:70,0
DA:71,0
DA:72,0
DA:74,0
DA:79,0
DA:85,0
DA:92,0
DA:95,0
DA:105,0
DA:119,0
DA:132,0
DA:133,0
DA:134,0
DA:138,0
LF:39
LH:1
BRDA:35,0,0,0
BRDA:35,0,1,0
BRDA:81,1,0,0
BRDA:81,1,1,0
BRDA:84,2,0,0
BRDA:84,2,1,0
BRDA:94,3,0,0
BRDA:94,3,1,0
BRDA:97,4,0,0
BRDA:97,4,1,0
BRDA:133,5,0,0
BRDA:133,5,1,0
BRDA:133,6,0,0
BRDA:133,6,1,0
BRF:14
BRH:0
end_of_record
TN:
SF:H:\se2project\PULSeBS_12\frontend\src\pages\studentNavbar.js
FN:13,(anonymous_0)
FN:18,(anonymous_1)
FN:25,(anonymous_2)
FN:30,(anonymous_3)
FN:31,(anonymous_4)
FN:35,(anonymous_5)
FNF:6
FNH:0
FNDA:0,(anonymous_0)
FNDA:0,(anonymous_1)
FNDA:0,(anonymous_2)
FNDA:0,(anonymous_3)
FNDA:0,(anonymous_4)
FNDA:0,(anonymous_5)
DA:8,1
DA:9,0
DA:13,0
DA:14,0
DA:15,0
DA:18,0
DA:19,0
DA:20,0
DA:21,0
DA:22,0
DA:25,0
DA:26,0
DA:27,0
DA:30,0
DA:31,0
DA:32,0
DA:37,0
LF:17
LH:1
BRF:0
BRH:0
end_of_record
TN:
SF:H:\se2project\PULSeBS_12\frontend\src\pages\teacherHome.js
FN:16,(anonymous_0)
FN:21,(anonymous_1)
FN:42,(anonymous_2)
FNF:3
FNH:2
FNDA:0,(anonymous_0)
FNDA:1,(anonymous_1)
FNDA:1,(anonymous_2)
DA:8,1
DA:10,1
DA:16,1
DA:17,0
DA:21,1
DA:22,1
DA:29,0
DA:35,0
DA:44,1
LF:9
LH:6
BRDA:22,0,0,1
BRDA:22,0,1,0
BRDA:29,1,0,0
BRDA:29,1,1,0
BRF:4
BRH:1
end_of_record
TN:
SF:H:\se2project\PULSeBS_12\frontend\src\pages\teacherNavbar.js
FN:14,(anonymous_0)
FN:19,(anonymous_1)
FN:24,(anonymous_2)
FN:31,(anonymous_3)
FN:32,(anonymous_4)
FN:37,(anonymous_5)
FNF:6
FNH:1
FNDA:0,(anonymous_0)
FNDA:0,(anonymous_1)
FNDA:0,(anonymous_2)
FNDA:0,(anonymous_3)
FNDA:0,(anonymous_4)
FNDA:1,(anonymous_5)
DA:9,1
DA:10,1
DA:14,1
DA:15,0
DA:16,0
DA:19,1
DA:20,0
DA:21,0
DA:24,1
DA:25,0
DA:26,0
DA:27,0
DA:28,0
DA:31,1
DA:32,0
DA:33,0
DA:39,1
LF:17
LH:7
BRF:0
BRH:0
end_of_record
TN:
SF:H:\se2project\PULSeBS_12\frontend\src\pages\teacherTabLec.js
FN:13,(anonymous_0)
FN:17,(anonymous_1)
FN:24,(anonymous_2)
FN:28,(anonymous_3)
FN:32,(anonymous_4)
FN:36,(anonymous_5)
FN:41,(anonymous_6)
FN:66,(anonymous_7)
FN:67,(anonymous_8)
FNF:9
FNH:3
FNDA:1,(anonymous_0)
FNDA:0,(anonymous_1)
FNDA:0,(anonymous_2)
FNDA:0,(anonymous_3)
FNDA:2,(anonymous_4)
FNDA:4,(anonymous_5)
FNDA:0,(anonymous_6)
FNDA:0,(anonymous_7)
FNDA:0,(anonymous_8)
DA:11,1
DA:14,1
DA:17,1
DA:19,0
DA:21,0
DA:24,1
DA:25,0
DA:28,1
DA:29,0
DA:34,2
DA:35,2
DA:36,2
DA:37,4
DA:41,0
DA:45,2
DA:66,0
DA:67,0
LF:17
LH:10
BRF:0
BRH:0
end_of_record
TN:
SF:H:\se2project\PULSeBS_12\frontend\src\pages\teacherTabSL.js
FN:13,(anonymous_0)
FN:18,(anonymous_1)
FN:20,(anonymous_2)
FN:23,(anonymous_3)
FN:29,(anonymous_4)
FN:33,(anonymous_5)
FN:37,(anonymous_6)
FN:41,(anonymous_7)
FN:46,(anonymous_8)
FN:52,(anonymous_9)
FNF:10
FNH:0
FNDA:0,(anonymous_0)
FNDA:0,(anonymous_1)
FNDA:0,(anonymous_2)
FNDA:0,(anonymous_3)
FNDA:0,(anonymous_4)
FNDA:0,(anonymous_5)
FNDA:0,(anonymous_6)
FNDA:0,(anonymous_7)
FNDA:0,(anonymous_8)
FNDA:0,(anonymous_9)
DA:11,0
DA:14,0
DA:18,0
DA:19,0
DA:21,0
DA:22,0
DA:24,0
DA:26,0
DA:29,0
DA:30,0
DA:33,0
DA:34,0
DA:39,0
DA:40,0
DA:41,0
DA:42,0
DA:46,0
DA:50,0
DA:52,0
DA:53,0
DA:60,0
LF:21
LH:0
BRF:0
BRH:0
end_of_record
TN:
SF:H:\se2project\PULSeBS_12\frontend\src\pages\update.js
FN:4,update
FN:7,(anonymous_1)
FN:12,(anonymous_2)
FNF:3
FNH:2
FNDA:1,update
FNDA:1,(anonymous_1)
FNDA:0,(anonymous_2)
DA:5,1
DA:6,1
DA:8,1
DA:9,1
DA:10,1
DA:11,1
DA:13,0
LF:7
LH:6
BRF:0
BRH:0
end_of_record
