TN:
SF:dao.js
FN:7,(anonymous_0)
FN:8,(anonymous_1)
FN:11,(anonymous_2)
FN:15,(anonymous_3)
FN:21,(anonymous_4)
FN:24,(anonymous_5)
FN:42,(anonymous_6)
FN:43,(anonymous_7)
FN:44,(anonymous_8)
FN:46,(anonymous_9)
FN:47,(anonymous_10)
FN:50,(anonymous_11)
FN:63,(anonymous_12)
FN:64,(anonymous_13)
FN:67,(anonymous_14)
FN:78,findCourse
FN:79,(anonymous_16)
FN:81,(anonymous_17)
FN:97,getCapacity
FN:98,(anonymous_19)
FN:100,(anonymous_20)
FN:118,(anonymous_21)
FN:119,(anonymous_22)
FN:121,(anonymous_23)
FN:136,(anonymous_24)
FN:137,(anonymous_25)
FN:141,(anonymous_26)
FN:158,(anonymous_27)
FN:159,(anonymous_28)
FN:161,(anonymous_29)
FN:178,(anonymous_30)
FN:180,(anonymous_31)
FN:184,(anonymous_32)
FN:189,(anonymous_33)
FN:192,(anonymous_34)
FN:204,countStudent
FN:205,(anonymous_36)
FN:207,(anonymous_37)
FN:222,(anonymous_38)
FN:223,(anonymous_39)
FN:225,(anonymous_40)
FN:243,(anonymous_41)
FN:245,(anonymous_42)
FN:247,(anonymous_43)
FN:253,(anonymous_44)
FN:268,(anonymous_45)
FN:270,(anonymous_46)
FN:272,(anonymous_47)
FN:278,(anonymous_48)
FN:279,(anonymous_49)
FN:281,(anonymous_50)
FN:282,(anonymous_51)
FN:296,(anonymous_52)
FN:297,(anonymous_53)
FN:298,(anonymous_54)
FN:299,(anonymous_55)
FN:302,(anonymous_56)
FN:320,getStudentEmails
FN:322,(anonymous_58)
FN:325,(anonymous_59)
FN:344,deleteBookings
FN:345,(anonymous_61)
FN:347,(anonymous_62)
FN:361,(anonymous_63)
FN:362,(anonymous_64)
FN:364,(anonymous_65)
FN:373,getTeacherEmail
FN:374,(anonymous_67)
FN:377,(anonymous_68)
FN:390,(anonymous_69)
FN:391,(anonymous_70)
FN:393,(anonymous_71)
FNF:72
FNH:56
FNDA:5,(anonymous_0)
FNDA:5,(anonymous_1)
FNDA:5,(anonymous_2)
FNDA:4,(anonymous_3)
FNDA:2,(anonymous_4)
FNDA:0,(anonymous_5)
FNDA:3,(anonymous_6)
FNDA:3,(anonymous_7)
FNDA:3,(anonymous_8)
FNDA:2,(anonymous_9)
FNDA:2,(anonymous_10)
FNDA:2,(anonymous_11)
FNDA:0,(anonymous_12)
FNDA:0,(anonymous_13)
FNDA:0,(anonymous_14)
FNDA:3,findCourse
FNDA:3,(anonymous_16)
FNDA:3,(anonymous_17)
FNDA:2,getCapacity
FNDA:2,(anonymous_19)
FNDA:2,(anonymous_20)
FNDA:1,(anonymous_21)
FNDA:1,(anonymous_22)
FNDA:1,(anonymous_23)
FNDA:1,(anonymous_24)
FNDA:1,(anonymous_25)
FNDA:1,(anonymous_26)
FNDA:1,(anonymous_27)
FNDA:1,(anonymous_28)
FNDA:1,(anonymous_29)
FNDA:1,(anonymous_30)
FNDA:1,(anonymous_31)
FNDA:1,(anonymous_32)
FNDA:1,(anonymous_33)
FNDA:0,(anonymous_34)
FNDA:3,countStudent
FNDA:3,(anonymous_36)
FNDA:3,(anonymous_37)
FNDA:2,(anonymous_38)
FNDA:2,(anonymous_39)
FNDA:2,(anonymous_40)
FNDA:1,(anonymous_41)
FNDA:1,(anonymous_42)
FNDA:1,(anonymous_43)
FNDA:0,(anonymous_44)
FNDA:2,(anonymous_45)
FNDA:2,(anonymous_46)
FNDA:2,(anonymous_47)
FNDA:0,(anonymous_48)
FNDA:0,(anonymous_49)
FNDA:0,(anonymous_50)
FNDA:0,(anonymous_51)
FNDA:1,(anonymous_52)
FNDA:1,(anonymous_53)
FNDA:1,(anonymous_54)
FNDA:1,(anonymous_55)
FNDA:1,(anonymous_56)
FNDA:1,getStudentEmails
FNDA:1,(anonymous_58)
FNDA:1,(anonymous_59)
FNDA:1,deleteBookings
FNDA:1,(anonymous_61)
FNDA:1,(anonymous_62)
FNDA:1,(anonymous_63)
FNDA:1,(anonymous_64)
FNDA:1,(anonymous_65)
FNDA:0,getTeacherEmail
FNDA:0,(anonymous_67)
FNDA:0,(anonymous_68)
FNDA:0,(anonymous_69)
FNDA:0,(anonymous_70)
FNDA:0,(anonymous_71)
DA:2,1
DA:3,1
DA:4,1
DA:7,1
DA:8,5
DA:9,5
DA:11,5
DA:12,5
DA:13,5
DA:14,4
DA:15,4
DA:17,4
DA:18,3
DA:20,2
DA:22,2
DA:25,0
DA:42,1
DA:43,3
DA:44,3
DA:45,3
DA:46,2
DA:47,2
DA:48,2
DA:49,2
DA:50,2
DA:51,2
DA:52,1
DA:55,1
DA:61,0
DA:63,0
DA:64,0
DA:65,1
DA:67,0
DA:79,3
DA:80,3
DA:81,3
DA:82,3
DA:83,0
DA:84,3
DA:85,2
DA:86,1
DA:98,2
DA:99,2
DA:100,2
DA:101,2
DA:102,0
DA:105,2
DA:118,1
DA:119,1
DA:120,1
DA:121,1
DA:122,1
DA:123,0
DA:125,1
DA:136,1
DA:137,1
DA:138,1
DA:139,1
DA:141,1
DA:142,1
DA:143,0
DA:146,1
DA:158,1
DA:159,1
DA:160,1
DA:161,1
DA:162,1
DA:163,0
DA:166,1
DA:178,1
DA:180,1
DA:181,1
DA:182,1
DA:184,1
DA:185,1
DA:186,0
DA:189,1
DA:191,1
DA:192,0
DA:205,3
DA:206,3
DA:207,3
DA:208,3
DA:209,0
DA:211,3
DA:222,1
DA:223,2
DA:224,2
DA:225,2
DA:226,2
DA:227,0
DA:230,2
DA:243,1
DA:244,1
DA:245,1
DA:246,1
DA:247,1
DA:249,1
DA:250,0
DA:253,1
DA:254,0
DA:256,1
DA:268,1
DA:269,2
DA:270,2
DA:271,2
DA:272,2
DA:273,2
DA:274,0
DA:277,2
DA:278,0
DA:279,0
DA:280,0
DA:281,0
DA:282,0
DA:284,2
DA:296,1
DA:297,1
DA:298,1
DA:299,1
DA:300,1
DA:301,1
DA:302,1
DA:303,1
DA:304,0
DA:306,1
DA:321,1
DA:322,1
DA:323,1
DA:325,1
DA:326,1
DA:327,0
DA:329,1
DA:330,1
DA:332,1
DA:345,1
DA:346,1
DA:347,1
DA:348,1
DA:349,0
DA:350,1
DA:361,1
DA:362,1
DA:363,1
DA:364,1
DA:365,1
DA:366,0
DA:368,1
DA:374,0
DA:375,0
DA:377,0
DA:378,0
DA:379,0
DA:381,0
DA:390,1
DA:391,0
DA:392,0
DA:393,0
DA:394,0
DA:395,0
DA:397,0
LF:161
LH:123
BRDA:12,0,0,0
BRDA:12,0,1,5
BRDA:13,1,0,1
BRDA:13,1,1,4
BRDA:14,2,0,4
BRDA:14,2,1,0
BRDA:17,3,0,1
BRDA:17,3,1,3
BRDA:18,4,0,1
BRDA:18,4,1,2
BRDA:45,5,0,2
BRDA:45,5,1,1
BRDA:48,6,0,2
BRDA:48,6,1,0
BRDA:51,7,0,1
BRDA:51,7,1,1
BRDA:82,8,0,0
BRDA:82,8,1,3
BRDA:84,9,0,2
BRDA:84,9,1,1
BRDA:101,10,0,0
BRDA:101,10,1,2
BRDA:122,11,0,0
BRDA:122,11,1,1
BRDA:142,12,0,0
BRDA:142,12,1,1
BRDA:162,13,0,0
BRDA:162,13,1,1
BRDA:185,14,0,0
BRDA:185,14,1,1
BRDA:208,15,0,0
BRDA:208,15,1,3
BRDA:226,16,0,0
BRDA:226,16,1,2
BRDA:249,17,0,0
BRDA:249,17,1,1
BRDA:273,18,0,0
BRDA:273,18,1,2
BRDA:300,19,0,1
BRDA:300,19,1,0
BRDA:303,20,0,0
BRDA:303,20,1,1
BRDA:326,21,0,0
BRDA:326,21,1,1
BRDA:348,22,0,0
BRDA:348,22,1,1
BRDA:365,23,0,0
BRDA:365,23,1,1
BRDA:378,24,0,0
BRDA:378,24,1,0
BRDA:394,25,0,0
BRDA:394,25,1,0
BRF:52
BRH:30
end_of_record
TN:
SF:db.js
FN:7,(anonymous_0)
FNF:1
FNH:1
FNDA:1,(anonymous_0)
DA:3,1
DA:5,1
DA:7,1
DA:8,1
DA:10,0
DA:11,0
DA:15,1
LF:7
LH:5
BRDA:8,0,0,0
BRDA:8,0,1,1
BRF:2
BRH:1
end_of_record
TN:
SF:mail_mod.js
FN:10,(anonymous_0)
FN:14,(anonymous_1)
FN:23,(anonymous_2)
FN:32,(anonymous_3)
FN:35,(anonymous_4)
FN:38,(anonymous_5)
FN:41,(anonymous_6)
FNF:7
FNH:3
FNDA:1,(anonymous_0)
FNDA:1,(anonymous_1)
FNDA:0,(anonymous_2)
FNDA:0,(anonymous_3)
FNDA:0,(anonymous_4)
FNDA:0,(anonymous_5)
FNDA:1,(anonymous_6)
DA:1,1
DA:2,1
DA:3,1
DA:4,1
DA:5,1
DA:7,1
DA:8,1
DA:10,1
DA:11,1
DA:12,1
DA:13,1
DA:15,1
DA:16,0
DA:23,0
DA:24,0
DA:25,0
DA:27,0
DA:31,0
DA:33,0
DA:35,0
DA:38,0
DA:41,1
DA:42,1
LF:23
LH:14
BRDA:24,0,0,0
BRDA:24,0,1,0
BRF:2
BRH:0
end_of_record
TN:
SF:mailer.js
FNF:0
FNH:0
DA:1,1
DA:3,1
DA:8,1
LF:3
LH:3
BRF:0
BRH:0
end_of_record
TN:
SF:server.js
FN:43,(anonymous_0)
FN:46,(anonymous_1)
FN:49,(anonymous_2)
FN:55,(anonymous_3)
FN:57,(anonymous_4)
FN:63,(anonymous_5)
FN:63,(anonymous_6)
FN:64,(anonymous_7)
FN:75,(anonymous_8)
FN:89,(anonymous_9)
FN:94,(anonymous_10)
FN:108,(anonymous_11)
FN:112,(anonymous_12)
FN:115,(anonymous_13)
FN:129,(anonymous_14)
FN:137,(anonymous_15)
FN:140,(anonymous_16)
FN:148,(anonymous_17)
FN:156,(anonymous_18)
FN:157,(anonymous_19)
FN:170,(anonymous_20)
FN:174,(anonymous_21)
FN:175,(anonymous_22)
FN:183,(anonymous_23)
FN:186,(anonymous_24)
FN:189,(anonymous_25)
FN:199,(anonymous_26)
FN:204,(anonymous_27)
FN:207,(anonymous_28)
FN:218,(anonymous_29)
FN:221,(anonymous_30)
FN:224,(anonymous_31)
FN:234,(anonymous_32)
FN:245,(anonymous_33)
FN:254,(anonymous_34)
FN:264,(anonymous_35)
FN:271,(anonymous_36)
FNF:37
FNH:29
FNDA:1,(anonymous_0)
FNDA:1,(anonymous_1)
FNDA:0,(anonymous_2)
FNDA:5,(anonymous_3)
FNDA:2,(anonymous_4)
FNDA:3,(anonymous_5)
FNDA:3,(anonymous_6)
FNDA:3,(anonymous_7)
FNDA:1,(anonymous_8)
FNDA:12,(anonymous_9)
FNDA:1,(anonymous_10)
FNDA:1,(anonymous_11)
FNDA:1,(anonymous_12)
FNDA:0,(anonymous_13)
FNDA:4,(anonymous_14)
FNDA:1,(anonymous_15)
FNDA:1,(anonymous_16)
FNDA:1,(anonymous_17)
FNDA:0,(anonymous_18)
FNDA:2,(anonymous_19)
FNDA:1,(anonymous_20)
FNDA:1,(anonymous_21)
FNDA:0,(anonymous_22)
FNDA:1,(anonymous_23)
FNDA:1,(anonymous_24)
FNDA:0,(anonymous_25)
FNDA:1,(anonymous_26)
FNDA:1,(anonymous_27)
FNDA:0,(anonymous_28)
FNDA:1,(anonymous_29)
FNDA:1,(anonymous_30)
FNDA:0,(anonymous_31)
FNDA:2,(anonymous_32)
FNDA:1,(anonymous_33)
FNDA:1,(anonymous_34)
FNDA:0,(anonymous_35)
FNDA:1,(anonymous_36)
DA:6,1
DA:7,1
DA:8,1
DA:9,1
DA:10,1
DA:11,1
DA:12,1
DA:13,1
DA:14,1
DA:15,1
DA:17,1
DA:19,1
DA:22,1
DA:25,1
DA:26,1
DA:27,1
DA:30,1
DA:33,1
DA:36,1
DA:43,1
DA:44,1
DA:45,1
DA:47,1
DA:50,0
DA:55,1
DA:56,5
DA:58,2
DA:59,2
DA:60,2
DA:61,2
DA:63,3
DA:64,3
DA:70,1
DA:75,1
DA:76,1
DA:86,1
DA:89,12
DA:94,1
DA:95,1
DA:96,1
DA:108,1
DA:109,1
DA:110,1
DA:111,1
DA:113,1
DA:116,0
DA:129,1
DA:130,4
DA:131,4
DA:133,4
DA:134,1
DA:136,3
DA:138,1
DA:139,1
DA:141,1
DA:148,1
DA:149,1
DA:150,0
DA:152,1
DA:156,0
DA:158,2
DA:170,1
DA:171,1
DA:172,1
DA:173,1
DA:174,1
DA:175,0
DA:183,1
DA:184,1
DA:185,1
DA:187,1
DA:189,0
DA:199,1
DA:201,1
DA:202,1
DA:203,1
DA:205,1
DA:207,0
DA:218,1
DA:219,1
DA:220,1
DA:222,1
DA:224,0
DA:234,1
DA:235,2
DA:236,2
DA:240,2
DA:241,1
DA:244,1
DA:246,1
DA:247,1
DA:254,1
DA:255,1
DA:256,0
DA:258,1
DA:262,1
DA:265,0
DA:271,1
LF:98
LH:88
BRDA:95,0,0,1
BRDA:95,0,1,0
BRDA:109,1,0,1
BRDA:109,1,1,1
BRDA:130,2,0,4
BRDA:130,2,1,4
BRDA:133,3,0,1
BRDA:133,3,1,3
BRDA:149,4,0,0
BRDA:149,4,1,1
BRDA:172,5,0,1
BRDA:172,5,1,1
BRDA:184,6,0,1
BRDA:184,6,1,1
BRDA:219,7,0,1
BRDA:219,7,1,1
BRDA:240,8,0,1
BRDA:240,8,1,1
BRDA:255,9,0,0
BRDA:255,9,1,1
BRF:20
BRH:17
end_of_record
